<?xml version="1.0" encoding="UTF-8"?>
<testsuite xmlns:xsi="http://www.w3.org/2001/XMLSchema-instance" xsi:noNamespaceSchemaLocation="https://maven.apache.org/surefire/maven-surefire-plugin/xsd/surefire-test-report.xsd" name="tests.SetupTest" time="99.826" tests="6" errors="0" skipped="0" failures="2">
  <properties>
[...]
</properties>
  <testcase name="testOpeningBrowserAndLoadingPage" classname="tests.SetupTest" time="17.428">
    <failure type="java.lang.AssertionError">java.lang.AssertionError
	at tests.SetupTest.testOpeningBrowserAndLoadingPage(SetupTest.java:24)
</failure>
    <system-err><![CDATA[SLF4J: Failed to load class "org.slf4j.impl.StaticLoggerBinder".
SLF4J: Defaulting to no-operation (NOP) logger implementation
SLF4J: See http://www.slf4j.org/codes.html#StaticLoggerBinder for further details.
mar 25, 2021 11:55:51 PM org.openqa.selenium.remote.ProtocolHandshake createSession
INFORMAÇÕES: Detected dialect: W3C
]]></system-err>
  </testcase>
  <testcase name="testLogin" classname="tests.SetupTest" time="18.354">
    <failure type="java.lang.AssertionError">java.lang.AssertionError
	at tests.SetupTest.testLogin(SetupTest.java:50)
</failure>
    <system-out><![CDATA[Clicou em Sign In e direcionou para a página de login
Preencheu o email
Preencheu a senha
Clicou em Sign In
]]></system-out>
    <system-err><![CDATA[mar 25, 2021 11:56:03 PM org.openqa.selenium.remote.ProtocolHandshake createSession
INFORMAÇÕES: Detected dialect: W3C
]]></system-err>
  </testcase>
  <testcase name="testAddProductToProductPage" classname="tests.SetupTest" time="16.56"/>
  <testcase name="testAccessCategoryTShirts" classname="tests.SetupTest" time="10.595"/>
  <testcase name="testAddProductToCartPage" classname="tests.SetupTest" time="15.362"/>
  <testcase name="testSearch" classname="tests.SetupTest" time="20.927"/>
</testsuite>