-------------------------------------------------------------------------------
Test set: tests.SetupTest
-------------------------------------------------------------------------------
Tests run: 6, Failures: 2, Errors: 0, Skipped: 0, Time elapsed: 99.826 s <<< FAILURE! - in tests.SetupTest
testOpeningBrowserAndLoadingPage(tests.SetupTest)  Time elapsed: 17.428 s  <<< FAILURE!
java.lang.AssertionError
	at tests.SetupTest.testOpeningBrowserAndLoadingPage(SetupTest.java:24)

testLogin(tests.SetupTest)  Time elapsed: 18.354 s  <<< FAILURE!
java.lang.AssertionError
	at tests.SetupTest.testLogin(SetupTest.java:50)

